/home/zhaoyu/miniconda3/envs/test/lib/python3.11/site-packages/dgl/graphbolt/__init__.py:114: GBWarning: 
An experimental feature for CUDA allocations is turned on for better allocation
pattern resulting in better memory usage for minibatch GNN training workloads.
See https://pytorch.org/docs/stable/notes/cuda.html#optimizing-memory-usage-with-pytorch-cuda-alloc-conf,
and set the environment variable `PYTORCH_CUDA_ALLOC_CONF=expandable_segments:False`
if you want to disable it and set it True to acknowledge and disable the warning.

  gb_warning(WARNING_STR_TO_BE_SHOWN)
Namespace(dataset='ogbn-products', data_path='./dataset/', part_path='./partition/', graph_name='ogbn-products-5-metis-vol-trans', model='graphsage', dropout=0.3, lr=0.003, sampling_rate=0.1, heads=1, n_epochs=500, n_partitions=5, n_hidden=128, n_layers=3, log_every=10, weight_decay=0, norm='layer', partition_obj='vol', partition_method='metis', n_linear=0, use_pp=True, inductive=False, fix_seed=True, seed=0, backend='gloo', port=18300, master_addr='127.0.0.1', node_rank=0, parts_per_node=10, skip_partition=False, eval=True)
loading partitions
Process 1 has 711752 nodes, 22307144 edges 475516 inner nodes, and 19479032 inner edges.
Process 1 start training
Process 001 | Epoch 00009 | Time(s) 0.4662 | Comm(s) 0.3120 | Reduce(s) 0.0480 | Loss 0.7408
Process 001 | Epoch 00019 | Time(s) 0.5449 | Comm(s) 0.3642 | Reduce(s) 0.0478 | Loss 0.3326
Process 001 | Epoch 00029 | Time(s) 0.6539 | Comm(s) 0.3625 | Reduce(s) 0.0465 | Loss 0.2390
Process 001 | Epoch 00039 | Time(s) 0.6550 | Comm(s) 0.3621 | Reduce(s) 0.0462 | Loss 0.1855
Process 001 | Epoch 00049 | Time(s) 0.6764 | Comm(s) 0.3594 | Reduce(s) 0.0482 | Loss 0.1592
Process 001 | Epoch 00059 | Time(s) 0.6850 | Comm(s) 0.3631 | Reduce(s) 0.0492 | Loss 0.1446
Process 001 | Epoch 00069 | Time(s) 0.6773 | Comm(s) 0.3641 | Reduce(s) 0.0499 | Loss 0.1336
Process 001 | Epoch 00079 | Time(s) 0.6743 | Comm(s) 0.3643 | Reduce(s) 0.0494 | Loss 0.1257
Process 001 | Epoch 00089 | Time(s) 0.6723 | Comm(s) 0.3624 | Reduce(s) 0.0494 | Loss 0.1184
Process 001 | Epoch 00099 | Time(s) 0.6706 | Comm(s) 0.3609 | Reduce(s) 0.0490 | Loss 0.1164
Process 001 | Epoch 00109 | Time(s) 0.6741 | Comm(s) 0.3618 | Reduce(s) 0.0491 | Loss 0.1111
Process 001 | Epoch 00119 | Time(s) 0.6740 | Comm(s) 0.3613 | Reduce(s) 0.0490 | Loss 0.1057
Process 001 | Epoch 00129 | Time(s) 0.6777 | Comm(s) 0.3629 | Reduce(s) 0.0489 | Loss 0.1029
Process 001 | Epoch 00139 | Time(s) 0.6776 | Comm(s) 0.3616 | Reduce(s) 0.0488 | Loss 0.0996
Process 001 | Epoch 00149 | Time(s) 0.6825 | Comm(s) 0.3619 | Reduce(s) 0.0485 | Loss 0.0985
Process 001 | Epoch 00159 | Time(s) 0.6849 | Comm(s) 0.3650 | Reduce(s) 0.0483 | Loss 0.0941
Process 001 | Epoch 00169 | Time(s) 0.6815 | Comm(s) 0.3642 | Reduce(s) 0.0486 | Loss 0.0917
Process 001 | Epoch 00179 | Time(s) 0.6790 | Comm(s) 0.3643 | Reduce(s) 0.0486 | Loss 0.0902
Process 001 | Epoch 00189 | Time(s) 0.6762 | Comm(s) 0.3644 | Reduce(s) 0.0485 | Loss 0.0873
Process 001 | Epoch 00199 | Time(s) 0.6747 | Comm(s) 0.3640 | Reduce(s) 0.0483 | Loss 0.0846
Process 001 | Epoch 00209 | Time(s) 0.6724 | Comm(s) 0.3641 | Reduce(s) 0.0484 | Loss 0.0842
Process 001 | Epoch 00219 | Time(s) 0.6719 | Comm(s) 0.3637 | Reduce(s) 0.0484 | Loss 0.0815
Process 001 | Epoch 00229 | Time(s) 0.6730 | Comm(s) 0.3639 | Reduce(s) 0.0490 | Loss 0.0836
Process 001 | Epoch 00239 | Time(s) 0.6734 | Comm(s) 0.3639 | Reduce(s) 0.0490 | Loss 0.0831
Process 001 | Epoch 00249 | Time(s) 0.6758 | Comm(s) 0.3633 | Reduce(s) 0.0498 | Loss 0.0790
Process 001 | Epoch 00259 | Time(s) 0.6728 | Comm(s) 0.3628 | Reduce(s) 0.0497 | Loss 0.0796
Process 001 | Epoch 00269 | Time(s) 0.6725 | Comm(s) 0.3622 | Reduce(s) 0.0497 | Loss 0.0760
Process 001 | Epoch 00279 | Time(s) 0.6744 | Comm(s) 0.3622 | Reduce(s) 0.0496 | Loss 0.0779
Process 001 | Epoch 00289 | Time(s) 0.6742 | Comm(s) 0.3614 | Reduce(s) 0.0496 | Loss 0.0767
Process 001 | Epoch 00299 | Time(s) 0.6731 | Comm(s) 0.3605 | Reduce(s) 0.0495 | Loss 0.0760
Process 001 | Epoch 00309 | Time(s) 0.6738 | Comm(s) 0.3604 | Reduce(s) 0.0495 | Loss 0.0733
Process 001 | Epoch 00319 | Time(s) 0.6740 | Comm(s) 0.3604 | Reduce(s) 0.0494 | Loss 0.0748
Process 001 | Epoch 00329 | Time(s) 0.6736 | Comm(s) 0.3594 | Reduce(s) 0.0493 | Loss 0.0725
Process 001 | Epoch 00339 | Time(s) 0.6735 | Comm(s) 0.3589 | Reduce(s) 0.0492 | Loss 0.0718
Process 001 | Epoch 00349 | Time(s) 0.6752 | Comm(s) 0.3586 | Reduce(s) 0.0492 | Loss 0.0699
Process 001 | Epoch 00359 | Time(s) 0.6746 | Comm(s) 0.3583 | Reduce(s) 0.0493 | Loss 0.0719
Process 001 | Epoch 00369 | Time(s) 0.6731 | Comm(s) 0.3579 | Reduce(s) 0.0492 | Loss 0.0751
Process 001 | Epoch 00379 | Time(s) 0.6733 | Comm(s) 0.3575 | Reduce(s) 0.0492 | Loss 0.0711
Process 001 | Epoch 00389 | Time(s) 0.6720 | Comm(s) 0.3571 | Reduce(s) 0.0492 | Loss 0.0691
Process 001 | Epoch 00399 | Time(s) 0.6709 | Comm(s) 0.3571 | Reduce(s) 0.0491 | Loss 0.0676
Process 001 | Epoch 00409 | Time(s) 0.6712 | Comm(s) 0.3575 | Reduce(s) 0.0491 | Loss 0.0706
Process 001 | Epoch 00419 | Time(s) 0.6699 | Comm(s) 0.3575 | Reduce(s) 0.0491 | Loss 0.0675
Process 001 | Epoch 00429 | Time(s) 0.6688 | Comm(s) 0.3570 | Reduce(s) 0.0490 | Loss 0.0694
Process 001 | Epoch 00439 | Time(s) 0.6684 | Comm(s) 0.3568 | Reduce(s) 0.0490 | Loss 0.0678
Process 001 | Epoch 00449 | Time(s) 0.6672 | Comm(s) 0.3570 | Reduce(s) 0.0489 | Loss 0.0714
Process 001 | Epoch 00459 | Time(s) 0.6666 | Comm(s) 0.3573 | Reduce(s) 0.0489 | Loss 0.0674
Process 001 | Epoch 00469 | Time(s) 0.6656 | Comm(s) 0.3576 | Reduce(s) 0.0488 | Loss 0.0646
Process 001 | Epoch 00479 | Time(s) 0.6650 | Comm(s) 0.3576 | Reduce(s) 0.0488 | Loss 0.0668
Process 001 | Epoch 00489 | Time(s) 0.6640 | Comm(s) 0.3574 | Reduce(s) 0.0488 | Loss 0.0659
Process 001 | Epoch 00499 | Time(s) 0.6635 | Comm(s) 0.3574 | Reduce(s) 0.0486 | Loss 0.0665
(rank 1) memory stats: current 1220.66MB, peak 4434.37MB, reserved 5212.00MB
loading partitions
Process 2 has 692600 nodes, 27267637 edges 504513 inner nodes, and 24126075 inner edges.
ProcesProcess Process-3:
Traceback (most recent call last):
  File "/home/zhaoyu/miniconda3/envs/test/lib/python3.11/site-packages/torch/distributed/c10d_logger.py", line 75, in wrapper
    return func(*args, **kwargs)
           ^^^^^^^^^^^^^^^^^^^^^
  File "/home/zhaoyu/miniconda3/envs/test/lib/python3.11/site-packages/torch/distributed/distributed_c10d.py", line 1929, in recv
    pg.recv([tensor], src, tag).wait()
RuntimeError: [/opt/conda/conda-bld/pytorch_1716905969073/work/third_party/gloo/gloo/transport/tcp/unbound_buffer.cc:81] Timed out waiting 1800000ms for recv operation to complete

During handling of the above exception, another exception occurred:

Traceback (most recent call last):
  File "/home/zhaoyu/miniconda3/envs/test/lib/python3.11/multiprocessing/process.py", line 314, in _bootstrap
    self.run()
  File "/home/zhaoyu/miniconda3/envs/test/lib/python3.11/multiprocessing/process.py", line 108, in run
    self._target(*self._args, **self._kwargs)
  File "/home/zhaoyu/workspace/BNS-GCN/train.py", line 470, in init_processes
    run(g, node_dict, gpb, args)
  File "/home/zhaoyu/workspace/BNS-GCN/train.py", line 323, in run
    boundary = get_boundary(node_dict, gpb)
               ^^^^^^^^^^^^^^^^^^^^^^^^^^^^
  File "/home/zhaoyu/workspace/BNS-GCN/helper/utils.py", line 166, in get_boundary
    dist.recv(num_left, src=left)
  File "/home/zhaoyu/miniconda3/envs/test/lib/python3.11/site-packages/torch/distributed/c10d_logger.py", line 77, in wrapper
    msg_dict = _get_msg_dict(func.__name__, *args, **kwargs)
               ^^^^^^^^^^^^^^^^^^^^^^^^^^^^^^^^^^^^^^^^^^^^^
  File "/home/zhaoyu/miniconda3/envs/test/lib/python3.11/site-packages/torch/distributed/c10d_logger.py", line 46, in _get_msg_dict
    def _get_msg_dict(func_name, *args, **kwargs) -> Dict[str, Any]:
    
KeyboardInterrupt
loading partitions
[E ProcessGroupGloo.cpp:144] Gloo connectFullMesh failed with [/opt/conda/conda-bld/pytorch_1716905969073/work/third_party/gloo/gloo/transport/tcp/pair.h:301] Connect timeout [none]
Process Process-2:
Traceback (most recent call last):
  File "/home/zhaoyu/miniconda3/envs/test/lib/python3.11/site-packages/torch/distributed/c10d_logger.py", line 75, in wrapper
    return func(*args, **kwargs)
           ^^^^^^^^^^^^^^^^^^^^^
  File "/home/zhaoyu/miniconda3/envs/test/lib/python3.11/site-packages/torch/distributed/c10d_logger.py", line 89, in wrapper
    func_return = func(*args, **kwargs)
                  ^^^^^^^^^^^^^^^^^^^^^
  File "/home/zhaoyu/miniconda3/envs/test/lib/python3.11/site-packages/torch/distributed/distributed_c10d.py", line 1312, in init_process_group
    default_pg, _ = _new_process_group_helper(
                    ^^^^^^^^^^^^^^^^^^^^^^^^^^
  File "/home/zhaoyu/miniconda3/envs/test/lib/python3.11/site-packages/torch/distributed/distributed_c10d.py", line 1509, in _new_process_group_helper
    backend_class = ProcessGroupGloo(backend_prefix_store, group_rank, group_size, timeout=timeout)
                    ^^^^^^^^^^^^^^^^^^^^^^^^^^^^^^^^^^^^^^^^^^^^^^^^^^^^^^^^^^^^^^^^^^^^^^^^^^^^^^^
RuntimeError: Gloo connectFullMesh failed with [/opt/conda/conda-bld/pytorch_1716905969073/work/third_party/gloo/gloo/transport/tcp/pair.h:301] Connect timeout [none]

During handling of the above exception, another exception occurred:

Traceback (most recent call last):
  File "/home/zhaoyu/miniconda3/envs/test/lib/python3.11/multiprocessing/process.py", line 314, in _bootstrap
    self.run()
  File "/home/zhaoyu/miniconda3/envs/test/lib/python3.11/multiprocessing/process.py", line 108, in run
    self._target(*self._args, **self._kwargs)
  File "/home/zhaoyu/workspace/BNS-GCN/train.py", line 468, in init_processes
    dist.init_process_group(args.backend, rank=rank, world_size=size)
  File "/home/zhaoyu/miniconda3/envs/test/lib/python3.11/site-packages/torch/distributed/c10d_logger.py", line 77, in wrapper
    msg_dict = _get_msg_dict(func.__name__, *args, **kwargs)
               ^^^^^^^^^^^^^^^^^^^^^^^^^^^^^^^^^^^^^^^^^^^^^
  File "/home/zhaoyu/miniconda3/envs/test/lib/python3.11/site-packages/torch/distributed/c10d_logger.py", line 46, in _get_msg_dict
    def _get_msg_dict(func_name, *args, **kwargs) -> Dict[str, Any]:
    
KeyboardInterrupt
[E ProcessGroupGloo.cpp:144] Gloo connectFullMesh failed with [/opt/conda/conda-bld/pytorch_1716905969073/work/third_party/gloo/gloo/transport/tcp/pair.h:301] Connect timeout [none]
Process Process-5:
Traceback (most recent call last):
  File "/home/zhaoyu/miniconda3/envs/test/lib/python3.11/site-packages/torch/distributed/c10d_logger.py", line 75, in wrapper
    return func(*args, **kwargs)
           ^^^^^^^^^^^^^^^^^^^^^
  File "/home/zhaoyu/miniconda3/envs/test/lib/python3.11/site-packages/torch/distributed/c10d_logger.py", line 89, in wrapper
    func_return = func(*args, **kwargs)
                  ^^^^^^^^^^^^^^^^^^^^^
  File "/home/zhaoyu/miniconda3/envs/test/lib/python3.11/site-packages/torch/distributed/distributed_c10d.py", line 1312, in init_process_group
    default_pg, _ = _new_process_group_helper(
                    ^^^^^^^^^^^^^^^^^^^^^^^^^^
  File "/home/zhaoyu/miniconda3/envs/test/lib/python3.11/site-packages/torch/distributed/distributed_c10d.py", line 1509, in _new_process_group_helper
    backend_class = ProcessGroupGloo(backend_prefix_store, group_rank, group_size, timeout=timeout)
                    ^^^^^^^^^^^^^^^^^^^^^^^^^^^^^^^^^^^^^^^^^^^^^^^^^^^^^^^^^^^^^^^^^^^^^^^^^^^^^^^
RuntimeError: Gloo connectFullMesh failed with [/opt/conda/conda-bld/pytorch_1716905969073/work/third_party/gloo/gloo/transport/tcp/pair.h:301] Connect timeout [none]

During handling of the above exception, another exception occurred:

Traceback (most recent call last):
  File "/home/zhaoyu/miniconda3/envs/test/lib/python3.11/multiprocessing/process.py", line 314, in _bootstrap
    self.run()
  File "/home/zhaoyu/miniconda3/envs/test/lib/python3.11/multiprocessing/process.py", line 108, in run
    self._target(*self._args, **self._kwargs)
  File "/home/zhaoyu/workspace/BNS-GCN/train.py", line 468, in init_processes
    dist.init_process_group(args.backend, rank=rank, world_size=size)
  File "/home/zhaoyu/miniconda3/envs/test/lib/python3.11/site-packages/torch/distributed/c10d_logger.py", line 77, in wrapper
    msg_dict = _get_msg_dict(func.__name__, *args, **kwargs)
               ^^^^^^^^^^^^^^^^^^^^^^^^^^^^^^^^^^^^^^^^^^^^^
  File "/home/zhaoyu/miniconda3/envs/test/lib/python3.11/site-packages/torch/distributed/c10d_logger.py", line 46, in _get_msg_dict
    def _get_msg_dict(func_name, *args, **kwargs) -> Dict[str, Any]:
    
KeyboardInterrupt
", line 108, in run
    self._target(*self._args, **self._kwargs)
  File "/home/zhaoyu/workspace/BNS-GCN/train.py", line 468, in init_processes
    dist.init_process_group(args.backend, rank=rank, world_size=size)
  File "/home/zhaoyu/miniconda3/envs/test/lib/python3.11/site-packages/torch/distributed/c10d_logger.py", line 77, in wrapper
    msg_dict = _get_msg_dict(func.__name__, *args, **kwargs)
               ^^^^^^^^^^^^^^^^^^^^^^^^^^^^^^^^^^^^^^^^^^^^^
  File "/home/zhaoyu/miniconda3/envs/test/lib/python3.11/site-packages/torch/distributed/c10d_logger.py", line 46, in _get_msg_dict
    def _get_msg_dict(func_name, *args, **kwargs) -> Dict[str, Any]:
    
KeyboardInterrupt
poch 00269 | Time(s) 0.6725 | Comm(s) 0.3573 | Reduce(s) 0.0415 | Loss 0.4022
Process 004 | Epoch 00279 | Time(s) 0.6744 | Comm(s) 0.3570 | Reduce(s) 0.0415 | Loss 0.3992
Process 004 | Epoch 00289 | Time(s) 0.6741 | Comm(s) 0.3562 | Reduce(s) 0.0416 | Loss 0.3981
Process 004 | Epoch 00299 | Time(s) 0.6730 | Comm(s) 0.3556 | Reduce(s) 0.0416 | Loss 0.3912
Process 004 | Epoch 00309 | Time(s) 0.6738 | Comm(s) 0.3554 | Reduce(s) 0.0417 | Loss 0.3883
Process 004 | Epoch 00319 | Time(s) 0.6740 | Comm(s) 0.3551 | Reduce(s) 0.0419 | Loss 0.3871
Process 004 | Epoch 00329 | Time(s) 0.6736 | Comm(s) 0.3545 | Reduce(s) 0.0419 | Loss 0.3850
Process 004 | Epoch 00339 | Time(s) 0.6735 | Comm(s) 0.3539 | Reduce(s) 0.0420 | Loss 0.3825
Process 004 | Epoch 00349 | Time(s) 0.6752 | Comm(s) 0.3537 | Reduce(s) 0.0421 | Loss 0.3808
Process 004 | Epoch 00359 | Time(s) 0.6746 | Comm(s) 0.3534 | Reduce(s) 0.0420 | Loss 0.3807
Process 004 | Epoch 00369 | Time(s) 0.6731 | Comm(s) 0.3526 | Reduce(s) 0.0420 | Loss 0.3808
Process 004 | Epoch 00379 | Time(s) 0.6733 | Comm(s) 0.3521 | Reduce(s) 0.0421 | Loss 0.3813
Process 004 | Epoch 00389 | Time(s) 0.6720 | Comm(s) 0.3520 | Reduce(s) 0.0421 | Loss 0.3748
Process 004 | Epoch 00399 | Time(s) 0.6709 | Comm(s) 0.3519 | Reduce(s) 0.0421 | Loss 0.3736
Process 004 | Epoch 00409 | Time(s) 0.6712 | Comm(s) 0.3526 | Reduce(s) 0.0419 | Loss 0.3740
Process 004 | Epoch 00419 | Time(s) 0.6698 | Comm(s) 0.3523 | Reduce(s) 0.0420 | Loss 0.3696
Process 004 | Epoch 00429 | Time(s) 0.6688 | Comm(s) 0.3518 | Reduce(s) 0.0421 | Loss 0.3696
Process 004 | Epoch 00439 | Time(s) 0.6684 | Comm(s) 0.3517 | Reduce(s) 0.0422 | Loss 0.3646
Process 004 | Epoch 00449 | Time(s) 0.6672 | Comm(s) 0.3517 | Reduce(s) 0.0422 | Loss 0.3662
Process 004 | Epoch 00459 | Time(s) 0.6666 | Comm(s) 0.3519 | Reduce(s) 0.0422 | Loss 0.3679
Process 004 | Epoch 00469 | Time(s) 0.6656 | Comm(s) 0.3519 | Reduce(s) 0.0423 | Loss 0.3696
Process 004 | Epoch 00479 | Time(s) 0.6650 | Comm(s) 0.3521 | Reduce(s) 0.0423 | Loss 0.3613
Process 004 | Epoch 00489 | Time(s) 0.6640 | Comm(s) 0.3520 | Reduce(s) 0.0423 | Loss 0.3643
Process 004 | Epoch 00499 | Time(s) 0.6635 | Comm(s) 0.3520 | Reduce(s) 0.0423 | Loss 0.3681
(rank 4) memory stats: current 1597.00MB, peak 5255.87MB, reserved 6272.00MB
loading partitions
Process 3 has 836440 nodes, 33372329 edges 488969 inner nodes, and 27833669 inner edges.
Process 3 start training
Process 003 | Epoch 00009 | Time(s) 0.4662 | Comm(s) 0.3039 | Reduce(s) 0.0448 | Loss 1.9057
Process 003 | Epoch 00019 | Time(s) 0.5449 | Comm(s) 0.3563 | Reduce(s) 0.0421 | Loss 1.2025
Process 003 | Epoch 00029 | Time(s) 0.6538 | Comm(s) 0.3576 | Reduce(s) 0.0399 | Loss 0.9511
Process 003 | Epoch 00039 | Time(s) 0.6550 | Comm(s) 0.3548 | Reduce(s) 0.0385 | Loss 0.8210
Process 003 | Epoch 00049 | Time(s) 0.6764 | Comm(s) 0.3558 | Reduce(s) 0.0390 | Loss 0.7498
Process 003 | Epoch 00059 | Time(s) 0.6850 | Comm(s) 0.3591 | Reduce(s) 0.0387 | Loss 0.6938
Process 003 | Epoch 00069 | Time(s) 0.6772 | Comm(s) 0.3589 | Reduce(s) 0.0390 | Loss 0.6561
Process 003 | Epoch 00079 | Time(s) 0.6743 | Comm(s) 0.3589 | Reduce(s) 0.0387 | Loss 0.6286
Process 003 | Epoch 00089 | Time(s) 0.6723 | Comm(s) 0.3560 | Reduce(s) 0.0391 | Loss 0.6013
Process 003 | Epoch 00099 | Time(s) 0.6706 | Comm(s) 0.3539 | Reduce(s) 0.0388 | Loss 0.5848
Process 003 | Epoch 00109 | Time(s) 0.6741 | Comm(s) 0.3541 | Reduce(s) 0.0389 | Loss 0.5612
Process 003 | Epoch 00119 | Time(s) 0.6741 | Comm(s) 0.3544 | Reduce(s) 0.0383 | Loss 0.5468
Process 003 | Epoch 00129 | Time(s) 0.6777 | Comm(s) 0.3552 | Reduce(s) 0.0385 | Loss 0.5338
Process 003 | Epoch 00139 | Time(s) 0.6776 | Comm(s) 0.3533 | Reduce(s) 0.0384 | Loss 0.5196
Process 003 | Epoch 00149 | Time(s) 0.6825 | Comm(s) 0.3533 | Reduce(s) 0.0386 | Loss 0.5110
Process 003 | Epoch 00159 | Time(s) 0.6849 | Comm(s) 0.3567 | Reduce(s) 0.0381 | Loss 0.4934
Process 003 | Epoch 00169 | Time(s) 0.6815 | Comm(s) 0.3564 | Reduce(s) 0.0385 | Loss 0.4943
Process 003 | Epoch 00179 | Time(s) 0.6790 | Comm(s) 0.3566 | Reduce(s) 0.0386 | Loss 0.4845
Process 003 | Epoch 00189 | Time(s) 0.6762 | Comm(s) 0.3563 | Reduce(s) 0.0384 | Loss 0.4782
Process 003 | Epoch 00199 | Time(s) 0.6747 | Comm(s) 0.3558 | Reduce(s) 0.0383 | Loss 0.4706
Process 003 | Epoch 00209 | Time(s) 0.6725 | Comm(s) 0.3560 | Reduce(s) 0.0385 | Loss 0.4643
Process 003 | Epoch 00219 | Time(s) 0.6719 | Comm(s) 0.3556 | Reduce(s) 0.0385 | Loss 0.4618
Process 003 | Epoch 00229 | Time(s) 0.6730 | Comm(s) 0.3564 | Reduce(s) 0.0385 | Loss 0.4547
Process 003 | Epoch 00239 | Time(s) 0.6734 | Comm(s) 0.3565 | Reduce(s) 0.0386 | Loss 0.4451
Process 003 | Epoch 00249 | Time(s) 0.6758 | Comm(s) 0.3568 | Reduce(s) 0.0388 | Loss 0.4444
Process 003 | Epoch 00259 | Time(s) 0.6727 | Comm(s) 0.3567 | Reduce(s) 0.0387 | Loss 0.4500
Process 003 | Epoch 00269 | Time(s) 0.6725 | Comm(s) 0.3565 | Reduce(s) 0.0387 | Loss 0.4370
Process 003 | Epoch 00279 | Time(s) 0.6744 | Comm(s) 0.3563 | Reduce(s) 0.0384 | Loss 0.4291
Process 003 | Epoch 00289 | Time(s) 0.6741 | Comm(s) 0.3555 | Reduce(s) 0.0387 | Loss 0.4364
Process 003 | Epoch 00299 | Time(s) 0.6730 | Comm(s) 0.3550 | Reduce(s) 0.0386 | Loss 0.4274
Process 003 | Epoch 00309 | Time(s) 0.6738 | Comm(s) 0.3546 | Reduce(s) 0.0386 | Loss 0.4265
Process 003 | Epoch 00319 | Time(s) 0.6740 | Comm(s) 0.3541 | Reduce(s) 0.0386 | Loss 0.4159
Process 003 | Epoch 00329 | Time(s) 0.6736 | Comm(s) 0.3535 | Reduce(s) 0.0386 | Loss 0.4138
Process 003 | Epoch 00339 | Time(s) 0.6735 | Comm(s) 0.3529 | Reduce(s) 0.0388 | Loss 0.4135
Process 003 | Epoch 00349 | Time(s) 0.6751 | Comm(s) 0.3527 | Reduce(s) 0.0387 | Loss 0.4170
Process 003 | Epoch 00359 | Time(s) 0.6746 | Comm(s) 0.3527 | Reduce(s) 0.0387 | Loss 0.4161
Process 003 | Epoch 00369 | Time(s) 0.6731 | Comm(s) 0.3521 | Reduce(s) 0.0388 | Loss 0.4138
Process 003 | Epoch 00379 | Time(s) 0.6733 | Comm(s) 0.3515 | Reduce(s) 0.0389 | Loss 0.4104
Process 003 | Epoch 00389 | Time(s) 0.6719 | Comm(s) 0.3511 | Reduce(s) 0.0389 | Loss 0.4028
Process 003 | Epoch 00399 | Time(s) 0.6709 | Comm(s) 0.3510 | Reduce(s) 0.0388 | Loss 0.4032
Process 003 | Epoch 00409 | Time(s) 0.6712 | Comm(s) 0.3517 | Reduce(s) 0.0386 | Loss 0.3992
Process 003 | Epoch 00419 | Time(s) 0.6698 | Comm(s) 0.3514 | Reduce(s) 0.0386 | Loss 0.4029
Process 003 | Epoch 00429 | Time(s) 0.6688 | Comm(s) 0.3509 | Reduce(s) 0.0387 | Loss 0.3958
Process 003 | Epoch 00439 | Time(s) 0.6683 | Comm(s) 0.3507 | Reduce(s) 0.0388 | Loss 0.3972
Process 003 | Epoch 00449 | Time(s) 0.6671 | Comm(s) 0.3509 | Reduce(s) 0.0385 | Loss 0.3912
Process 003 | Epoch 00459 | Time(s) 0.6666 | Comm(s) 0.3510 | Reduce(s) 0.0385 | Loss 0.3917
Process 003 | Epoch 00469 | Time(s) 0.6656 | Comm(s) 0.3514 | Reduce(s) 0.0383 | Loss 0.3866
Process 003 | Epoch 00479 | Time(s) 0.6650 | Comm(s) 0.3514 | Reduce(s) 0.0385 | Loss 0.3901
Process 003 | Epoch 00489 | Time(s) 0.6640 | Comm(s) 0.3513 | Reduce(s) 0.0384 | Loss 0.3921
Process 003 | Epoch 00499 | Time(s) 0.6635 | Comm(s) 0.3513 | Reduce(s) 0.0385 | Loss 0.3876
(rank 3) memory stats: current 1554.75MB, peak 5119.45MB, reserved 6072.00MB
loading partitions
Process 0 has 747952 nodes, 19369607 edges 475517 inner nodes, and 14899677 inner edges.
Process 0 start training
Process 000 | Epoch 00009 | Time(s) 0.4662 | Comm(s) 0.3143 | Reduce(s) 0.0484 | Loss 0.7184
Process 000 | Epoch 00019 | Time(s) 0.5444 | Comm(s) 0.3689 | Reduce(s) 0.0499 | Loss 0.2647
Epoch 00009 | Validation Accuracy 69.61% | Test Accuracy 54.07%
Process 000 | Epoch 00029 | Time(s) 0.5486 | Comm(s) 0.3685 | Reduce(s) 0.0485 | Loss 0.1773
Epoch 00019 | Validation Accuracy 80.22% | Test Accuracy 61.85%
Process 000 | Epoch 00039 | Time(s) 0.5464 | Comm(s) 0.3655 | Reduce(s) 0.0492 | Loss 0.1380
Epoch 00029 | Validation Accuracy 84.88% | Test Accuracy 66.88%
Process 000 | Epoch 00049 | Time(s) 0.5479 | Comm(s) 0.3676 | Reduce(s) 0.0481 | Loss 0.1226
Epoch 00039 | Validation Accuracy 87.07% | Test Accuracy 69.35%
Process 000 | Epoch 00059 | Time(s) 0.5512 | Comm(s) 0.3700 | Reduce(s) 0.0489 | Loss 0.1109
Epoch 00049 | Validation Accuracy 88.15% | Test Accuracy 70.93%
Process 000 | Epoch 00069 | Time(s) 0.5528 | Comm(s) 0.3699 | Reduce(s) 0.0493 | Loss 0.1001
Epoch 00059 | Validation Accuracy 88.75% | Test Accuracy 71.85%
Process 000 | Epoch 00079 | Time(s) 0.5515 | Comm(s) 0.3704 | Reduce(s) 0.0492 | Loss 0.0970
Epoch 00069 | Validation Accuracy 89.35% | Test Accuracy 72.57%
Process 000 | Epoch 00089 | Time(s) 0.5493 | Comm(s) 0.3701 | Reduce(s) 0.0494 | Loss 0.0935
Epoch 00079 | Validation Accuracy 89.75% | Test Accuracy 73.32%
Process 000 | Epoch 00099 | Time(s) 0.5462 | Comm(s) 0.3681 | Reduce(s) 0.0492 | Loss 0.0903
Epoch 00089 | Validation Accuracy 90.03% | Test Accuracy 74.01%
Process 000 | Epoch 00109 | Time(s) 0.5471 | Comm(s) 0.3682 | Reduce(s) 0.0497 | Loss 0.0866
Epoch 00099 | Validation Accuracy 90.31% | Test Accuracy 74.77%
Process 000 | Epoch 00119 | Time(s) 0.5464 | Comm(s) 0.3676 | Reduce(s) 0.0497 | Loss 0.0847
Epoch 00109 | Validation Accuracy 90.54% | Test Accuracy 75.60%
Process 000 | Epoch 00129 | Time(s) 0.5493 | Comm(s) 0.3685 | Reduce(s) 0.0500 | Loss 0.0805
Epoch 00119 | Validation Accuracy 90.79% | Test Accuracy 76.27%
Process 000 | Epoch 00139 | Time(s) 0.5474 | Comm(s) 0.3666 | Reduce(s) 0.0500 | Loss 0.0791
Epoch 00129 | Validation Accuracy 91.00% | Test Accuracy 76.82%
Process 000 | Epoch 00149 | Time(s) 0.5474 | Comm(s) 0.3670 | Reduce(s) 0.0501 | Loss 0.0775
Epoch 00139 | Validation Accuracy 91.02% | Test Accuracy 77.38%
Process 000 | Epoch 00159 | Time(s) 0.5523 | Comm(s) 0.3692 | Reduce(s) 0.0497 | Loss 0.0735
Epoch 00149 | Validation Accuracy 91.25% | Test Accuracy 77.90%
Process 000 | Epoch 00169 | Time(s) 0.5513 | Comm(s) 0.3688 | Reduce(s) 0.0494 | Loss 0.0723
Epoch 00159 | Validation Accuracy 91.37% | Test Accuracy 78.12%
Process 000 | Epoch 00179 | Time(s) 0.5510 | Comm(s) 0.3687 | Reduce(s) 0.0493 | Loss 0.0716
Epoch 00169 | Validation Accuracy 91.45% | Test Accuracy 78.42%
Process 000 | Epoch 00189 | Time(s) 0.5502 | Comm(s) 0.3683 | Reduce(s) 0.0492 | Loss 0.0680
Epoch 00179 | Validation Accuracy 91.59% | Test Accuracy 78.62%
Process 000 | Epoch 00199 | Time(s) 0.5505 | Comm(s) 0.3683 | Reduce(s) 0.0494 | Loss 0.0689
Epoch 00189 | Validation Accuracy 91.71% | Test Accuracy 78.92%
Process 000 | Epoch 00209 | Time(s) 0.5506 | Comm(s) 0.3680 | Reduce(s) 0.0496 | Loss 0.0692
Epoch 00199 | Validation Accuracy 91.71% | Test Accuracy 78.95%
Process 000 | Epoch 00219 | Time(s) 0.5499 | Comm(s) 0.3680 | Reduce(s) 0.0495 | Loss 0.0674
Epoch 00209 | Validation Accuracy 91.71% | Test Accuracy 78.98%
Process 000 | Epoch 00229 | Time(s) 0.5507 | Comm(s) 0.3686 | Reduce(s) 0.0496 | Loss 0.0627
Epoch 00219 | Validation Accuracy 91.76% | Test Accuracy 79.06%
Process 000 | Epoch 00239 | Time(s) 0.5512 | Comm(s) 0.3685 | Reduce(s) 0.0500 | Loss 0.0627
Epoch 00229 | Validation Accuracy 91.88% | Test Accuracy 78.86%
Process 000 | Epoch 00249 | Time(s) 0.5516 | Comm(s) 0.3693 | Reduce(s) 0.0500 | Loss 0.0614
Epoch 00239 | Validation Accuracy 91.78% | Test Accuracy 78.94%
Process 000 | Epoch 00259 | Time(s) 0.5509 | Comm(s) 0.3691 | Reduce(s) 0.0499 | Loss 0.0624
Epoch 00249 | Validation Accuracy 91.92% | Test Accuracy 79.01%
Process 000 | Epoch 00269 | Time(s) 0.5505 | Comm(s) 0.3689 | Reduce(s) 0.0499 | Loss 0.0612
Epoch 00259 | Validation Accuracy 91.88% | Test Accuracy 79.13%
Process 000 | Epoch 00279 | Time(s) 0.5501 | Comm(s) 0.3686 | Reduce(s) 0.0497 | Loss 0.0620
Epoch 00269 | Validation Accuracy 91.93% | Test Accuracy 79.25%
Process 000 | Epoch 00289 | Time(s) 0.5493 | Comm(s) 0.3682 | Reduce(s) 0.0498 | Loss 0.0626
Epoch 00279 | Validation Accuracy 91.92% | Test Accuracy 79.35%
Process 000 | Epoch 00299 | Time(s) 0.5480 | Comm(s) 0.3673 | Reduce(s) 0.0497 | Loss 0.0592
Epoch 00289 | Validation Accuracy 91.93% | Test Accuracy 79.33%
Process 000 | Epoch 00309 | Time(s) 0.5472 | Comm(s) 0.3671 | Reduce(s) 0.0498 | Loss 0.0593
Epoch 00299 | Validation Accuracy 91.91% | Test Accuracy 79.09%
Process 000 | Epoch 00319 | Time(s) 0.5469 | Comm(s) 0.3671 | Reduce(s) 0.0497 | Loss 0.0580
Epoch 00309 | Validation Accuracy 92.09% | Test Accuracy 79.38%
Process 000 | Epoch 00329 | Time(s) 0.5456 | Comm(s) 0.3663 | Reduce(s) 0.0498 | Loss 0.0573
Epoch 00319 | Validation Accuracy 92.10% | Test Accuracy 79.28%
Process 000 | Epoch 00339 | Time(s) 0.5446 | Comm(s) 0.3661 | Reduce(s) 0.0499 | Loss 0.0553
Epoch 00329 | Validation Accuracy 92.16% | Test Accuracy 79.35%
Process 000 | Epoch 00349 | Time(s) 0.5439 | Comm(s) 0.3658 | Reduce(s) 0.0498 | Loss 0.0547
Epoch 00339 | Validation Accuracy 92.15% | Test Accuracy 79.27%
Process 000 | Epoch 00359 | Time(s) 0.5436 | Comm(s) 0.3655 | Reduce(s) 0.0499 | Loss 0.0563
Epoch 00349 | Validation Accuracy 92.05% | Test Accuracy 79.45%
Process 000 | Epoch 00369 | Time(s) 0.5425 | Comm(s) 0.3649 | Reduce(s) 0.0500 | Loss 0.0565
Epoch 00359 | Validation Accuracy 92.23% | Test Accuracy 79.55%
Process 000 | Epoch 00379 | Time(s) 0.5418 | Comm(s) 0.3645 | Reduce(s) 0.0500 | Loss 0.0534
Epoch 00369 | Validation Accuracy 92.12% | Test Accuracy 79.41%
Process 000 | Epoch 00389 | Time(s) 0.5414 | Comm(s) 0.3645 | Reduce(s) 0.0499 | Loss 0.0546
Epoch 00379 | Validation Accuracy 92.24% | Test Accuracy 79.14%
Process 000 | Epoch 00399 | Time(s) 0.5411 | Comm(s) 0.3645 | Reduce(s) 0.0498 | Loss 0.0561
Epoch 00389 | Validation Accuracy 92.10% | Test Accuracy 79.01%
Process 000 | Epoch 00409 | Time(s) 0.5415 | Comm(s) 0.3650 | Reduce(s) 0.0498 | Loss 0.0566
Epoch 00399 | Validation Accuracy 92.23% | Test Accuracy 79.15%
Process 000 | Epoch 00419 | Time(s) 0.5411 | Comm(s) 0.3648 | Reduce(s) 0.0499 | Loss 0.0551
Epoch 00409 | Validation Accuracy 92.24% | Test Accuracy 79.39%
Process 000 | Epoch 00429 | Time(s) 0.5405 | Comm(s) 0.3643 | Reduce(s) 0.0499 | Loss 0.0548
Epoch 00419 | Validation Accuracy 92.14% | Test Accuracy 79.38%
Process 000 | Epoch 00439 | Time(s) 0.5405 | Comm(s) 0.3640 | Reduce(s) 0.0500 | Loss 0.0532
Epoch 00429 | Validation Accuracy 92.35% | Test Accuracy 79.25%
Process 000 | Epoch 00449 | Time(s) 0.5404 | Comm(s) 0.3641 | Reduce(s) 0.0500 | Loss 0.0550
Epoch 00439 | Validation Accuracy 92.28% | Test Accuracy 79.41%
Process 000 | Epoch 00459 | Time(s) 0.5406 | Comm(s) 0.3640 | Reduce(s) 0.0500 | Loss 0.0552
Epoch 00449 | Validation Accuracy 92.23% | Test Accuracy 79.41%
Process 000 | Epoch 00469 | Time(s) 0.5407 | Comm(s) 0.3643 | Reduce(s) 0.0500 | Loss 0.0538
Epoch 00459 | Validation Accuracy 92.18% | Test Accuracy 79.18%
Process 000 | Epoch 00479 | Time(s) 0.5407 | Comm(s) 0.3643 | Reduce(s) 0.0501 | Loss 0.0528
Epoch 00469 | Validation Accuracy 92.25% | Test Accuracy 79.39%
Process 000 | Epoch 00489 | Time(s) 0.5404 | Comm(s) 0.3640 | Reduce(s) 0.0501 | Loss 0.0516
Epoch 00479 | Validation Accuracy 92.30% | Test Accuracy 79.40%
Process 000 | Epoch 00499 | Time(s) 0.5402 | Comm(s) 0.3640 | Reduce(s) 0.0501 | Loss 0.0536
Epoch 00489 | Validation Accuracy 92.22% | Test Accuracy 79.42%
(rank 0) memory stats: current 1081.59MB, peak 4172.66MB, reserved 4872.00MB
Epoch 00499 | Validation Accuracy 92.35% | Test Accuracy 79.17%
model saved
Max Validation Accuracy 92.35%
Test Result | Accuracy 79.17%
